ERROR:main:Exception on /diary [GET]
Traceback (most recent call last):
  File "D:\Moona\venv\lib\site-packages\flask\app.py", line 2077, in wsgi_app
    response = self.full_dispatch_request()
  File "D:\Moona\venv\lib\site-packages\flask\app.py", line 1525, in full_dispatch_request
    rv = self.handle_user_exception(e)
  File "D:\Moona\venv\lib\site-packages\flask\app.py", line 1523, in full_dispatch_request
    rv = self.dispatch_request()
  File "D:\Moona\venv\lib\site-packages\flask\app.py", line 1509, in dispatch_request
    return self.ensure_sync(self.view_functions[rule.endpoint])(**req.view_args)
  File "D:/Moona/main.py", line 700, in diary
    return render_template('diary.html', title='Дневник', my_post=posts, message='', question=post_quest,
  File "D:\Moona\venv\lib\site-packages\flask\templating.py", line 149, in render_template
    ctx.app.jinja_env.get_or_select_template(template_name_or_list),
  File "D:\Moona\venv\lib\site-packages\jinja2\environment.py", line 1071, in get_or_select_template
    return self.get_template(template_name_or_list, parent, globals)
  File "D:\Moona\venv\lib\site-packages\jinja2\environment.py", line 1000, in get_template
    return self._load_template(name, globals)
  File "D:\Moona\venv\lib\site-packages\jinja2\environment.py", line 959, in _load_template
    template = self.loader.load(self, name, self.make_globals(globals))
  File "D:\Moona\venv\lib\site-packages\jinja2\loaders.py", line 138, in load
    code = environment.compile(source, name, filename)
  File "D:\Moona\venv\lib\site-packages\jinja2\environment.py", line 758, in compile
    self.handle_exception(source=source_hint)
  File "D:\Moona\venv\lib\site-packages\jinja2\environment.py", line 926, in handle_exception
    raise rewrite_traceback_stack(source=source)
  File "D:\Moona\templates\diary.html", line 157, in template
    {% endfor %}
jinja2.exceptions.TemplateSyntaxError: Encountered unknown tag 'endfor'. You probably made a nesting mistake. Jinja is expecting this tag, but currently looking for 'elif' or 'else' or 'endif'. The innermost block that needs to be closed is 'if'.
